🚨 EARLY DEBUG: OPTIONS /api/visitor/session - 2025-09-29T06:07:36.243Z
🚨 EARLY DEBUG: OPTIONS /api/auth/profile - 2025-09-29T06:07:38.238Z
🚨 EARLY DEBUG: OPTIONS /api/visitor/session - 2025-09-29T06:07:38.254Z
🚨 EARLY DEBUG: OPTIONS /api/visitor/session - 2025-09-29T06:07:38.841Z
🚨 EARLY DEBUG: OPTIONS /api/auth/profile - 2025-09-29T06:07:39.394Z
🚨 EARLY DEBUG: OPTIONS /api/visitor/session - 2025-09-29T06:07:39.523Z
🚨 EARLY DEBUG: GET /api/visitor/session - 2025-09-29T06:07:39.646Z
🚨 EARLY DEBUG: GET /api/auth/profile - 2025-09-29T06:07:40.939Z
🚨 EARLY DEBUG: GET /api/visitor/session - 2025-09-29T06:07:41.991Z
🚨 EARLY DEBUG: GET /api/visitor/session - 2025-09-29T06:07:43.159Z
🚨 EARLY DEBUG: GET /api/visitor/session - 2025-09-29T06:07:43.289Z
🚨 EARLY DEBUG: GET /api/auth/profile - 2025-09-29T06:07:43.594Z
🚨 EARLY DEBUG: OPTIONS /api/visitor/track - 2025-09-29T06:07:45.528Z
🚨 EARLY DEBUG: POST /api/visitor/track - 2025-09-29T06:07:45.560Z
🚨 EARLY DEBUG: OPTIONS /api/visitor/session - 2025-09-29T06:07:52.657Z
🚨 EARLY DEBUG: GET /api/visitor/session - 2025-09-29T06:07:52.670Z
🚨 EARLY DEBUG: OPTIONS /api/visitor/location - 2025-09-29T06:08:09.146Z
🚨 EARLY DEBUG: POST /api/visitor/location - 2025-09-29T06:08:12.717Z
🚨 EARLY DEBUG: OPTIONS /api/analytics/dashboard?period=30d - 2025-09-29T06:08:52.809Z
🚨 EARLY DEBUG: GET /api/analytics/dashboard?period=30d - 2025-09-29T06:08:53.463Z
🚨 EARLY DEBUG: OPTIONS /api/api/services/stats - 2025-09-29T06:09:08.677Z
🚨 EARLY DEBUG: OPTIONS /api/api/services/categories - 2025-09-29T06:09:09.106Z
🚨 EARLY DEBUG: OPTIONS /api/api/services?sortBy=createdAt&sortOrder=desc - 2025-09-29T06:09:09.364Z
🚨 EARLY DEBUG: GET /api/api/services/stats - 2025-09-29T06:09:10.450Z
🚨 EARLY DEBUG: GET /api/api/services/categories - 2025-09-29T06:09:11.340Z
🚨 EARLY DEBUG: GET /api/api/services?sortBy=createdAt&sortOrder=desc - 2025-09-29T06:09:12.213Z
🚨 EARLY DEBUG: GET /api/api/services/categories - 2025-09-29T06:09:14.161Z
🚨 EARLY DEBUG: GET /api/api/services/stats - 2025-09-29T06:09:15.125Z
🚨 EARLY DEBUG: GET /api/api/services?sortBy=createdAt&sortOrder=desc - 2025-09-29T06:09:15.583Z
🚨 EARLY DEBUG: OPTIONS /api/analytics/visitors/contacts?page=1&limit=20&dateRange=30d - 2025-09-29T06:09:21.079Z
🚨 EARLY DEBUG: GET /api/analytics/visitors/contacts?page=1&limit=20&dateRange=30d - 2025-09-29T06:09:21.157Z
🚨 EARLY DEBUG: OPTIONS /api/api/analytics/dashboard?period=30d - 2025-09-29T06:09:27.101Z
🚨 EARLY DEBUG: GET /api/api/analytics/dashboard?period=30d - 2025-09-29T06:09:27.169Z
🚨 EARLY DEBUG: GET /api/api/analytics/dashboard?period=30d - 2025-09-29T06:09:28.277Z
🚨 EARLY DEBUG: OPTIONS /api/api/users?page=1&limit=10 - 2025-09-29T06:09:32.979Z
🚨 EARLY DEBUG: OPTIONS /api/api/users/stats - 2025-09-29T06:09:32.989Z
🚨 EARLY DEBUG: GET /api/api/users?page=1&limit=10 - 2025-09-29T06:09:33.255Z
🚨 EARLY DEBUG: GET /api/api/users/stats - 2025-09-29T06:09:33.497Z
🚨 EARLY DEBUG: GET /api/api/users?page=1&limit=10 - 2025-09-29T06:09:34.613Z
🚨 EARLY DEBUG: GET /api/api/users/stats - 2025-09-29T06:09:34.761Z
🚨 EARLY DEBUG: OPTIONS /api/api/services?sortBy=createdAt&sortOrder=desc - 2025-09-29T06:09:37.969Z
🚨 EARLY DEBUG: OPTIONS /api/api/services/categories - 2025-09-29T06:09:38.061Z
🚨 EARLY DEBUG: OPTIONS /api/api/services/stats - 2025-09-29T06:09:39.175Z
🚨 EARLY DEBUG: GET /api/api/services?sortBy=createdAt&sortOrder=desc - 2025-09-29T06:09:39.786Z
🚨 EARLY DEBUG: GET /api/api/services/categories - 2025-09-29T06:09:41.656Z
🚨 EARLY DEBUG: GET /api/api/services/stats - 2025-09-29T06:09:42.546Z
🚨 EARLY DEBUG: GET /api/api/services?sortBy=createdAt&sortOrder=desc - 2025-09-29T06:09:43.205Z
🚨 EARLY DEBUG: GET /api/api/services/categories - 2025-09-29T06:09:45.096Z
🚨 EARLY DEBUG: OPTIONS /api/api/service-requests?sortBy=createdAt&sortOrder=desc - 2025-09-29T06:09:46.322Z
🚨 EARLY DEBUG: OPTIONS /api/api/services/stats - 2025-09-29T06:09:47.136Z
🚨 EARLY DEBUG: OPTIONS /api/contact?page=1&limit=20 - 2025-09-29T06:09:47.595Z
🚨 EARLY DEBUG: OPTIONS /api/contact/stats - 2025-09-29T06:09:47.724Z
🚨 EARLY DEBUG: GET /api/api/service-requests?sortBy=createdAt&sortOrder=desc - 2025-09-29T06:09:47.734Z
🚨 EARLY DEBUG: GET /api/api/services/stats - 2025-09-29T06:09:47.742Z
🚨 EARLY DEBUG: GET /api/contact?page=1&limit=20 - 2025-09-29T06:09:48.044Z
🚨 EARLY DEBUG: GET /api/contact/stats - 2025-09-29T06:09:48.347Z
🚨 EARLY DEBUG: OPTIONS /api/api/services?sortBy=createdAt&sortOrder=desc - 2025-09-29T06:10:30.468Z
🚨 EARLY DEBUG: OPTIONS /api/api/services/categories - 2025-09-29T06:10:31.881Z
🚨 EARLY DEBUG: OPTIONS /api/api/services/stats - 2025-09-29T06:10:32.478Z
🚨 EARLY DEBUG: GET /api/api/services?sortBy=createdAt&sortOrder=desc - 2025-09-29T06:10:33.158Z
🚨 EARLY DEBUG: GET /api/api/services/categories - 2025-09-29T06:10:34.153Z
🚨 EARLY DEBUG: GET /api/api/services/stats - 2025-09-29T06:10:34.263Z
🚨 EARLY DEBUG: GET /api/api/services?sortBy=createdAt&sortOrder=desc - 2025-09-29T06:10:35.290Z
🚨 EARLY DEBUG: GET /api/api/services/categories - 2025-09-29T06:10:36.898Z
🚨 EARLY DEBUG: GET /api/api/services/stats - 2025-09-29T06:10:38.011Z
🚨 EARLY DEBUG: OPTIONS /api/enquiry?page=1&limit=10 - 2025-09-29T06:10:46.718Z
🚨 EARLY DEBUG: OPTIONS /api/enquiry/stats - 2025-09-29T06:10:46.764Z
🚨 EARLY DEBUG: GET /api/enquiry?page=1&limit=10 - 2025-09-29T06:10:46.796Z
🚨 EARLY DEBUG: GET /api/enquiry/stats - 2025-09-29T06:10:47.055Z
🚨 EARLY DEBUG: OPTIONS /api/issues?page=1&limit=10 - 2025-09-29T06:10:51.786Z
🚨 EARLY DEBUG: OPTIONS /api/api/issues/stats - 2025-09-29T06:10:51.838Z
🚨 EARLY DEBUG: GET /api/issues?page=1&limit=10 - 2025-09-29T06:10:51.903Z
🚨 EARLY DEBUG: GET /api/api/issues/stats - 2025-09-29T06:10:51.947Z
🚨 EARLY DEBUG: GET /api/api/issues/stats - 2025-09-29T06:10:52.985Z
🚨 EARLY DEBUG: OPTIONS /api/analytics/visitors/contacts?page=1&limit=20&dateRange=30d - 2025-09-29T06:10:55.334Z
🚨 EARLY DEBUG: GET /api/analytics/visitors/contacts?page=1&limit=20&dateRange=30d - 2025-09-29T06:10:55.385Z
🚨 EARLY DEBUG: OPTIONS /api/api/analytics/dashboard?period=30d - 2025-09-29T06:11:00.347Z
🚨 EARLY DEBUG: GET /api/api/analytics/dashboard?period=30d - 2025-09-29T06:11:00.407Z
🚨 EARLY DEBUG: GET /api/api/analytics/dashboard?period=30d - 2025-09-29T06:11:01.564Z
🚨 EARLY DEBUG: OPTIONS /api/api/users?page=1&limit=10 - 2025-09-29T06:11:17.136Z
🚨 EARLY DEBUG: OPTIONS /api/api/users/stats - 2025-09-29T06:11:17.204Z
🚨 EARLY DEBUG: GET /api/api/users?page=1&limit=10 - 2025-09-29T06:11:17.388Z
🚨 EARLY DEBUG: GET /api/api/users/stats - 2025-09-29T06:11:17.491Z
🚨 EARLY DEBUG: GET /api/api/users?page=1&limit=10 - 2025-09-29T06:11:18.500Z
🚨 EARLY DEBUG: GET /api/api/users/stats - 2025-09-29T06:11:18.602Z
🚨 EARLY DEBUG: OPTIONS /api/api/services/categories - 2025-09-29T06:11:33.385Z
🚨 EARLY DEBUG: OPTIONS /api/api/services?sortBy=createdAt&sortOrder=desc - 2025-09-29T06:11:33.505Z
🚨 EARLY DEBUG: OPTIONS /api/api/services/stats - 2025-09-29T06:11:33.588Z
🚨 EARLY DEBUG: GET /api/api/services/categories - 2025-09-29T06:11:33.640Z
🚨 EARLY DEBUG: GET /api/api/services?sortBy=createdAt&sortOrder=desc - 2025-09-29T06:11:33.690Z
🚨 EARLY DEBUG: GET /api/api/services/stats - 2025-09-29T06:11:33.754Z
🚨 EARLY DEBUG: OPTIONS /api/auth/logout - 2025-09-29T06:11:37.921Z
🚨 EARLY DEBUG: POST /api/auth/logout - 2025-09-29T06:11:38.776Z
🚨 EARLY DEBUG: POST /api/auth/logout - 2025-09-29T06:11:39.853Z
🚨 EARLY DEBUG: GET /api/visitor/session - 2025-09-29T06:12:16.221Z
🚨 EARLY DEBUG: GET /api/visitor/session - 2025-09-29T06:12:16.384Z
🚨 EARLY DEBUG: GET /api/visitor/session - 2025-09-29T06:12:16.403Z
🚨 EARLY DEBUG: GET /api/visitor/session - 2025-09-29T06:12:16.423Z
🚨 EARLY DEBUG: OPTIONS /api/visitor/track - 2025-09-29T06:12:24.769Z
🚨 EARLY DEBUG: POST /api/visitor/track - 2025-09-29T06:12:24.967Z
🚨 EARLY DEBUG: GET /api/visitor/session - 2025-09-29T06:12:26.887Z
🚨 EARLY DEBUG: OPTIONS /api/visitor/location - 2025-09-29T06:12:32.769Z
🚨 EARLY DEBUG: POST /api/visitor/location - 2025-09-29T06:12:32.830Z
🚨 EARLY DEBUG: OPTIONS /api/auth/login - 2025-09-29T06:13:35.248Z
🚨 EARLY DEBUG: POST /api/auth/login - 2025-09-29T06:13:35.568Z
🚨 EARLY DEBUG: OPTIONS /api/analytics/dashboard?period=30d - 2025-09-29T06:13:39.194Z
🚨 EARLY DEBUG: GET /api/analytics/dashboard?period=30d - 2025-09-29T06:13:39.258Z
🚨 EARLY DEBUG: OPTIONS /api/enquiry?page=1&limit=10 - 2025-09-29T06:13:57.743Z
🚨 EARLY DEBUG: OPTIONS /api/enquiry/stats - 2025-09-29T06:13:57.956Z
🚨 EARLY DEBUG: GET /api/enquiry?page=1&limit=10 - 2025-09-29T06:13:57.993Z
🚨 EARLY DEBUG: GET /api/enquiry/stats - 2025-09-29T06:13:58.029Z
🚨 EARLY DEBUG: OPTIONS /api/api/services?sortBy=createdAt&sortOrder=desc - 2025-09-29T06:14:01.053Z
🚨 EARLY DEBUG: OPTIONS /api/api/services/categories - 2025-09-29T06:14:01.232Z
🚨 EARLY DEBUG: OPTIONS /api/api/services/stats - 2025-09-29T06:14:01.397Z
🚨 EARLY DEBUG: GET /api/api/services?sortBy=createdAt&sortOrder=desc - 2025-09-29T06:14:01.579Z
🚨 EARLY DEBUG: GET /api/api/services/categories - 2025-09-29T06:14:01.794Z
🚨 EARLY DEBUG: GET /api/api/services/stats - 2025-09-29T06:14:01.926Z
🚨 EARLY DEBUG: GET /api/api/services?sortBy=createdAt&sortOrder=desc - 2025-09-29T06:14:02.828Z
🚨 EARLY DEBUG: GET /api/api/services/categories - 2025-09-29T06:14:02.990Z
🚨 EARLY DEBUG: GET /api/api/services/stats - 2025-09-29T06:14:03.238Z
🚨 EARLY DEBUG: OPTIONS /api/auth/logout - 2025-09-29T06:14:07.606Z
🚨 EARLY DEBUG: POST /api/auth/logout - 2025-09-29T06:14:07.659Z
